build1/twitter_login/outputs/logs/manifest-merger-release-report.txt
-- Merging decision tree log ---
manifest
ADDED from src\main\AndroidManifest.xml:2:1-16:12
INJECTED from src\main\AndroidManifest.xml:2:1-16:12
INJECTED from src\main\AndroidManifest.xml:2:1-16:12
	package
		ADDED from src\main\AndroidManifest.xml:3:5-37
		INJECTED from src\main\AndroidManifest.xml
		INJECTED from src\main\AndroidManifest.xml
	xmlns:android
		ADDED from src\main\AndroidManifest.xml:2:11-69
application
ADDED from src\main\AndroidManifest.xml:4:5-8:19
activity#com.maru.twitter_login.chrome_custom_tabs.ChromeCustomTabsActivity
ADDED from src\main\AndroidManifest.xml:6:9-7:96
	android:name
		ADDED from src\main\AndroidManifest.xml:7:13-94
queries
ADDED from src\main\AndroidManifest.xml:10:5-15:15
intent#action:name:android.support.customtabs.action.CustomTabsService
ADDED from src\main\AndroidManifest.xml:11:9-14:18
action#android.support.customtabs.action.CustomTabsService
ADDED from src\main\AndroidManifest.xml:12:13-13:73
	android:name
		ADDED from src\main\AndroidManifest.xml:12:21-104
uses-sdk
INJECTED from src\main\AndroidManifest.xml reason: use-sdk injection requested
INJECTED from src\main\AndroidManifest.xml
INJECTED from src\main\AndroidManifest.xml
INJECTED from src\main\AndroidManifest.xml
INJECTED from src\main\AndroidManifest.xml
	android:targetSdkVersion
		INJECTED from src\main\AndroidManifest.xml
		ADDED from src\main\AndroidManifest.xml
		INJECTED from src\main\AndroidManifest.xml
	android:minSdkVersion
		INJECTED from src\main\AndroidManifest.xml
		ADDED from src\main\AndroidManifest.xml
		INJECTED from src\main\AndroidManifest.xml